2020-06-03 09:05:01,773 [Worker-3: Loading available Gradle versions] INFO  o.e.b.c.i.u.g.PublishedGradleVersions - Gradle version information cache is up-to-date. Trying to read.
2020-06-03 10:09:43,477 [Worker-3: Creating maven-archetype-quickstart] INFO  o.e.m.c.i.p.ProjectConfigurationManager - Collecting project info '/pom.xml' /home/aeologic/eclipse-workspace/SpicetagTest/pom.xml
2020-06-03 10:09:44,499 [Worker-3: Creating maven-archetype-quickstart] WARN  o.e.m.c.i.embedder.EclipseLogger - The POM for org.codehaus.plexus:plexus-compiler-api:jar:2.8.4 is missing, no dependency information available
2020-06-03 10:09:44,503 [Worker-3: Creating maven-archetype-quickstart] WARN  o.e.m.c.i.embedder.EclipseLogger - The POM for org.codehaus.plexus:plexus-compiler-manager:jar:2.8.4 is missing, no dependency information available
2020-06-03 10:09:44,504 [Worker-3: Creating maven-archetype-quickstart] WARN  o.e.m.c.i.embedder.EclipseLogger - The POM for org.codehaus.plexus:plexus-compiler-javac:jar:2.8.4 is missing, no dependency information available
2020-06-03 10:09:44,570 [Worker-3: Creating maven-archetype-quickstart] INFO  o.e.m.c.i.l.LifecycleMappingFactory - Using org.eclipse.m2e.jdt.JarLifecycleMapping lifecycle mapping for MavenProject: SpiceTagtestAutomation:SpicetagTest:0.0.1-SNAPSHOT @ /home/aeologic/eclipse-workspace/SpicetagTest/pom.xml.
2020-06-03 10:09:44,720 [Worker-3: Creating maven-archetype-quickstart] INFO  o.e.m.c.i.p.ProjectConfigurationManager - Imported and configured 1 project(s) in 1 sec
2020-06-03 10:10:02,979 [Worker-3: Discover lifecycle mappings] INFO  o.e.m.i.discovery.MavenDiscovery - No lifecyle mapping found at jar:file:/tmp/RemoteBundleDiscoveryStrategy10532279579267961860.tmp/org.eclipse.m2e.discovery.oss_catalog_1.13.jar_2841131847094931369.jar!/lifecycle%2Forg.eclipse.m2e.discovery.lifecyclemapping.m2e-wtp.xml
2020-06-03 10:10:02,981 [Worker-3: Discover lifecycle mappings] WARN  o.e.m.i.discovery.MavenDiscovery - CatalogItem org.eclipse.m2e.discovery.lifecyclemapping.m2e-wtp does not contain lifecycle mapping metadata
2020-06-03 10:10:02,984 [Worker-3: Discover lifecycle mappings] INFO  o.e.m.i.discovery.MavenDiscovery - No lifecyle mapping found at jar:file:/tmp/RemoteBundleDiscoveryStrategy10532279579267961860.tmp/org.eclipse.m2e.discovery.oss_catalog_1.13.jar_2841131847094931369.jar!/lifecycle%2Forg.eclipse.m2e.discovery.lifecyclemapping.m2e-egit.xml
2020-06-03 10:10:02,984 [Worker-3: Discover lifecycle mappings] WARN  o.e.m.i.discovery.MavenDiscovery - CatalogItem org.eclipse.m2e.discovery.lifecyclemapping.m2e-egit does not contain lifecycle mapping metadata
2020-06-03 10:10:02,985 [Worker-3: Discover lifecycle mappings] INFO  o.e.m.i.discovery.MavenDiscovery - No lifecyle mapping found at jar:file:/tmp/RemoteBundleDiscoveryStrategy10532279579267961860.tmp/org.eclipse.m2e.discovery.oss_catalog_1.13.jar_2841131847094931369.jar!/lifecycle%2Forg.eclipse.m2e.discovery.lifecyclemapping.m2e-subversive.xml
2020-06-03 10:10:02,985 [Worker-3: Discover lifecycle mappings] WARN  o.e.m.i.discovery.MavenDiscovery - CatalogItem org.eclipse.m2e.discovery.lifecyclemapping.m2e-subversive does not contain lifecycle mapping metadata
2020-06-03 10:10:03,007 [Worker-3: Discover lifecycle mappings] INFO  o.e.m.i.discovery.MavenDiscovery - No lifecyle mapping found at jar:file:/tmp/RemoteBundleDiscoveryStrategy10532279579267961860.tmp/org.eclipse.m2e.discovery.oss_catalog_1.13.jar_2841131847094931369.jar!/lifecycle%2Forg.eclipse.m2e.discovery.extras.m2e-chromatic.xml
2020-06-03 10:10:03,007 [Worker-3: Discover lifecycle mappings] WARN  o.e.m.i.discovery.MavenDiscovery - CatalogItem org.eclipse.m2e.discovery.extras.m2e-chromatic does not contain lifecycle mapping metadata
2020-06-03 10:10:59,750 [Worker-6: Updating Maven Project] INFO  o.e.m.c.i.p.ProjectConfigurationManager - Update started
2020-06-03 10:10:59,766 [Worker-6: Updating Maven Project] INFO  o.e.m.c.i.p.ProjectConfigurationManager - Update completed: 0 sec
2020-06-03 10:12:03,629 [Worker-1: Loading available Gradle versions] INFO  o.e.b.c.i.u.g.PublishedGradleVersions - Gradle version information cache is up-to-date. Trying to read.
2020-06-03 10:12:04,585 [Worker-9: Updating Maven Project] INFO  o.e.m.c.i.p.ProjectConfigurationManager - Update started
2020-06-03 10:12:05,736 [Worker-9: Updating Maven Project] WARN  o.e.m.c.i.embedder.EclipseLogger - The POM for org.codehaus.plexus:plexus-compiler-api:jar:2.8.4 is missing, no dependency information available
2020-06-03 10:12:05,742 [Worker-9: Updating Maven Project] WARN  o.e.m.c.i.embedder.EclipseLogger - The POM for org.codehaus.plexus:plexus-compiler-manager:jar:2.8.4 is missing, no dependency information available
2020-06-03 10:12:05,743 [Worker-9: Updating Maven Project] WARN  o.e.m.c.i.embedder.EclipseLogger - The POM for org.codehaus.plexus:plexus-compiler-javac:jar:2.8.4 is missing, no dependency information available
2020-06-03 10:12:05,818 [Worker-9: Updating Maven Project] INFO  o.e.m.c.i.l.LifecycleMappingFactory - Using org.eclipse.m2e.jdt.JarLifecycleMapping lifecycle mapping for MavenProject: SpiceTagtestAutomation:SpicetagTest:0.0.1-SNAPSHOT @ /home/aeologic/eclipse-workspace/SpicetagTest/pom.xml.
2020-06-03 10:12:06,038 [Worker-9: Updating Maven Project] INFO  o.e.m.c.i.p.ProjectConfigurationManager - Update completed: 1 sec
2020-06-03 10:14:04,881 [Worker-2: Updating Maven Project] INFO  o.e.m.c.i.p.ProjectConfigurationManager - Update started
2020-06-03 10:14:05,282 [Worker-2: Updating Maven Project] WARN  o.e.m.c.i.embedder.EclipseLogger - The POM for org.codehaus.plexus:plexus-compiler-api:jar:2.8.4 is missing, no dependency information available
2020-06-03 10:14:05,283 [Worker-2: Updating Maven Project] WARN  o.e.m.c.i.embedder.EclipseLogger - The POM for org.codehaus.plexus:plexus-compiler-manager:jar:2.8.4 is missing, no dependency information available
2020-06-03 10:14:05,284 [Worker-2: Updating Maven Project] WARN  o.e.m.c.i.embedder.EclipseLogger - The POM for org.codehaus.plexus:plexus-compiler-javac:jar:2.8.4 is missing, no dependency information available
2020-06-03 10:14:05,317 [Worker-2: Updating Maven Project] INFO  o.e.m.c.i.l.LifecycleMappingFactory - Using org.eclipse.m2e.jdt.JarLifecycleMapping lifecycle mapping for MavenProject: SpiceTagtestAutomation:SpicetagTest:0.0.1-SNAPSHOT @ /home/aeologic/eclipse-workspace/SpicetagTest/pom.xml.
2020-06-03 10:14:05,405 [Worker-2: Updating Maven Project] INFO  o.e.m.c.i.p.ProjectConfigurationManager - Update completed: 0 sec
2020-06-03 10:16:59,932 [Worker-4: Updating Maven Project] INFO  o.e.m.c.i.p.ProjectConfigurationManager - Update started
2020-06-03 10:17:00,250 [Worker-4: Updating Maven Project] WARN  o.e.m.c.i.embedder.EclipseLogger - The POM for org.codehaus.plexus:plexus-compiler-api:jar:2.8.4 is missing, no dependency information available
2020-06-03 10:17:00,251 [Worker-4: Updating Maven Project] WARN  o.e.m.c.i.embedder.EclipseLogger - The POM for org.codehaus.plexus:plexus-compiler-manager:jar:2.8.4 is missing, no dependency information available
2020-06-03 10:17:00,252 [Worker-4: Updating Maven Project] WARN  o.e.m.c.i.embedder.EclipseLogger - The POM for org.codehaus.plexus:plexus-compiler-javac:jar:2.8.4 is missing, no dependency information available
2020-06-03 10:17:00,288 [Worker-4: Updating Maven Project] INFO  o.e.m.c.i.l.LifecycleMappingFactory - Using org.eclipse.m2e.jdt.JarLifecycleMapping lifecycle mapping for MavenProject: SpiceTagtestAutomation:SpicetagTest:0.0.1-SNAPSHOT @ /home/aeologic/eclipse-workspace/SpicetagTest/pom.xml.
2020-06-03 10:17:00,351 [Worker-4: Updating Maven Project] INFO  o.e.m.c.i.p.ProjectConfigurationManager - Update completed: 0 sec
2020-06-03 10:17:52,488 [Worker-9: Launching Executing install in _home_aeologic_eclipse-workspace_SpicetagTest] INFO  o.e.m.i.launch.MavenLaunchDelegate - /home/aeologic/eclipse-workspace/SpicetagTest
2020-06-03 10:17:52,489 [Worker-9: Launching Executing install in _home_aeologic_eclipse-workspace_SpicetagTest] INFO  o.e.m.i.launch.MavenLaunchDelegate -  mvn -B -o install
2020-06-03 10:35:56,968 [Worker-12: Updating Maven Project] INFO  o.e.m.c.i.p.ProjectConfigurationManager - Update started
2020-06-03 10:35:57,291 [Worker-12: Updating Maven Project] WARN  o.e.m.c.i.embedder.EclipseLogger - The POM for org.codehaus.plexus:plexus-compiler-api:jar:2.8.4 is missing, no dependency information available
2020-06-03 10:35:57,292 [Worker-12: Updating Maven Project] WARN  o.e.m.c.i.embedder.EclipseLogger - The POM for org.codehaus.plexus:plexus-compiler-manager:jar:2.8.4 is missing, no dependency information available
2020-06-03 10:35:57,293 [Worker-12: Updating Maven Project] WARN  o.e.m.c.i.embedder.EclipseLogger - The POM for org.codehaus.plexus:plexus-compiler-javac:jar:2.8.4 is missing, no dependency information available
2020-06-03 10:35:57,310 [Worker-12: Updating Maven Project] INFO  o.e.m.c.i.l.LifecycleMappingFactory - Using org.eclipse.m2e.jdt.JarLifecycleMapping lifecycle mapping for MavenProject: SpiceTagtestAutomation:SpicetagTest:0.0.1-SNAPSHOT @ /home/aeologic/eclipse-workspace/SpicetagTest/pom.xml.
2020-06-03 10:35:57,343 [Worker-12: Updating Maven Project] INFO  o.e.m.c.i.p.ProjectConfigurationManager - Update completed: 0 sec
2020-06-03 10:38:18,784 [Worker-9: Updating Maven Project] INFO  o.e.m.c.i.p.ProjectConfigurationManager - Update started
2020-06-03 10:38:18,986 [Worker-9: Updating Maven Project] WARN  o.e.m.c.i.embedder.EclipseLogger - The POM for org.codehaus.plexus:plexus-compiler-api:jar:2.8.4 is missing, no dependency information available
2020-06-03 10:38:18,989 [Worker-9: Updating Maven Project] WARN  o.e.m.c.i.embedder.EclipseLogger - The POM for org.codehaus.plexus:plexus-compiler-manager:jar:2.8.4 is missing, no dependency information available
2020-06-03 10:38:18,990 [Worker-9: Updating Maven Project] WARN  o.e.m.c.i.embedder.EclipseLogger - The POM for org.codehaus.plexus:plexus-compiler-javac:jar:2.8.4 is missing, no dependency information available
2020-06-03 10:38:19,009 [Worker-9: Updating Maven Project] INFO  o.e.m.c.i.l.LifecycleMappingFactory - Using org.eclipse.m2e.jdt.JarLifecycleMapping lifecycle mapping for MavenProject: SpiceTagtestAutomation:SpicetagTest:0.0.1-SNAPSHOT @ /home/aeologic/eclipse-workspace/SpicetagTest/pom.xml.
2020-06-03 10:38:19,065 [Worker-9: Updating Maven Project] INFO  o.e.m.c.i.p.ProjectConfigurationManager - Update completed: 0 sec
2020-06-03 10:55:13,964 [Worker-9: Enabling Maven Dependency Management] WARN  o.e.m.c.i.embedder.EclipseLogger - The POM for org.codehaus.plexus:plexus-compiler-api:jar:2.8.4 is missing, no dependency information available
2020-06-03 10:55:13,965 [Worker-9: Enabling Maven Dependency Management] WARN  o.e.m.c.i.embedder.EclipseLogger - The POM for org.codehaus.plexus:plexus-compiler-manager:jar:2.8.4 is missing, no dependency information available
2020-06-03 10:55:13,966 [Worker-9: Enabling Maven Dependency Management] WARN  o.e.m.c.i.embedder.EclipseLogger - The POM for org.codehaus.plexus:plexus-compiler-javac:jar:2.8.4 is missing, no dependency information available
2020-06-03 10:55:13,979 [Worker-9: Enabling Maven Dependency Management] INFO  o.e.m.c.i.l.LifecycleMappingFactory - Using org.eclipse.m2e.jdt.JarLifecycleMapping lifecycle mapping for MavenProject: SpiceTagTestAutomation:SpiceTagTest:0.0.1-SNAPSHOT @ /home/aeologic/eclipse-workspace/SpiceTag/pom.xml.
2020-06-03 10:55:14,486 [Worker-9: Enabling Maven Dependency Management] INFO  o.e.m.c.i.p.ProjectConfigurationManager - Update started
2020-06-03 10:55:14,806 [Worker-17: Building] WARN  o.e.m.c.i.embedder.EclipseLogger - Using platform encoding (UTF-8 actually) to copy filtered resources, i.e. build is platform dependent!
2020-06-03 10:55:14,807 [Worker-17: Building] INFO  o.e.m.c.i.embedder.EclipseLogger - skip non existing resourceDirectory /home/aeologic/eclipse-workspace/SpiceTag/src/main/resources
2020-06-03 10:55:14,810 [Worker-17: Building] WARN  o.e.m.c.i.embedder.EclipseLogger - Using platform encoding (UTF-8 actually) to copy filtered resources, i.e. build is platform dependent!
2020-06-03 10:55:14,810 [Worker-17: Building] INFO  o.e.m.c.i.embedder.EclipseLogger - skip non existing resourceDirectory /home/aeologic/eclipse-workspace/SpiceTag/src/test/resources
2020-06-03 10:55:15,136 [Worker-9: Enabling Maven Dependency Management] WARN  o.e.m.c.i.embedder.EclipseLogger - The POM for org.codehaus.plexus:plexus-compiler-api:jar:2.8.4 is missing, no dependency information available
2020-06-03 10:55:15,137 [Worker-9: Enabling Maven Dependency Management] WARN  o.e.m.c.i.embedder.EclipseLogger - The POM for org.codehaus.plexus:plexus-compiler-manager:jar:2.8.4 is missing, no dependency information available
2020-06-03 10:55:15,138 [Worker-9: Enabling Maven Dependency Management] WARN  o.e.m.c.i.embedder.EclipseLogger - The POM for org.codehaus.plexus:plexus-compiler-javac:jar:2.8.4 is missing, no dependency information available
2020-06-03 10:55:15,153 [Worker-9: Enabling Maven Dependency Management] INFO  o.e.m.c.i.l.LifecycleMappingFactory - Using org.eclipse.m2e.jdt.JarLifecycleMapping lifecycle mapping for MavenProject: SpiceTagTestAutomation:SpiceTagTest:0.0.1-SNAPSHOT @ /home/aeologic/eclipse-workspace/SpiceTag/pom.xml.
2020-06-03 10:55:15,555 [Worker-9: Enabling Maven Dependency Management] INFO  o.e.m.c.i.p.ProjectConfigurationManager - Update completed: 1 sec
2020-06-03 10:55:15,993 [Worker-17: Building] WARN  o.e.m.c.i.embedder.EclipseLogger - Using platform encoding (UTF-8 actually) to copy filtered resources, i.e. build is platform dependent!
2020-06-03 10:55:15,994 [Worker-17: Building] INFO  o.e.m.c.i.embedder.EclipseLogger - skip non existing resourceDirectory /home/aeologic/eclipse-workspace/SpiceTag/src/main/resources
2020-06-03 10:55:15,997 [Worker-17: Building] WARN  o.e.m.c.i.embedder.EclipseLogger - Using platform encoding (UTF-8 actually) to copy filtered resources, i.e. build is platform dependent!
2020-06-03 10:55:15,998 [Worker-17: Building] INFO  o.e.m.c.i.embedder.EclipseLogger - skip non existing resourceDirectory /home/aeologic/eclipse-workspace/SpiceTag/src/test/resources
2020-06-03 10:56:50,170 [Worker-15: Updating Maven Project] INFO  o.e.m.c.i.p.ProjectConfigurationManager - Update started
2020-06-03 10:56:50,399 [Worker-15: Updating Maven Project] WARN  o.e.m.c.i.embedder.EclipseLogger - The POM for org.codehaus.plexus:plexus-compiler-api:jar:2.8.4 is missing, no dependency information available
2020-06-03 10:56:50,400 [Worker-15: Updating Maven Project] WARN  o.e.m.c.i.embedder.EclipseLogger - The POM for org.codehaus.plexus:plexus-compiler-manager:jar:2.8.4 is missing, no dependency information available
2020-06-03 10:56:50,400 [Worker-15: Updating Maven Project] WARN  o.e.m.c.i.embedder.EclipseLogger - The POM for org.codehaus.plexus:plexus-compiler-javac:jar:2.8.4 is missing, no dependency information available
2020-06-03 10:56:50,416 [Worker-15: Updating Maven Project] INFO  o.e.m.c.i.l.LifecycleMappingFactory - Using org.eclipse.m2e.jdt.JarLifecycleMapping lifecycle mapping for MavenProject: SpiceTagTestAutomation:SpiceTagTest:0.0.1-SNAPSHOT @ /home/aeologic/eclipse-workspace/SpiceTag/pom.xml.
2020-06-03 10:56:50,592 [Worker-15: Updating Maven Project] INFO  o.e.m.c.i.p.ProjectConfigurationManager - Update completed: 0 sec
2020-06-03 10:56:50,925 [Worker-4: Building] WARN  o.e.m.c.i.embedder.EclipseLogger - Using platform encoding (UTF-8 actually) to copy filtered resources, i.e. build is platform dependent!
2020-06-03 10:56:50,925 [Worker-4: Building] INFO  o.e.m.c.i.embedder.EclipseLogger - skip non existing resourceDirectory /home/aeologic/eclipse-workspace/SpiceTag/src/main/resources
2020-06-03 10:56:50,928 [Worker-4: Building] WARN  o.e.m.c.i.embedder.EclipseLogger - Using platform encoding (UTF-8 actually) to copy filtered resources, i.e. build is platform dependent!
2020-06-03 10:56:50,929 [Worker-4: Building] INFO  o.e.m.c.i.embedder.EclipseLogger - skip non existing resourceDirectory /home/aeologic/eclipse-workspace/SpiceTag/src/test/resources
2020-06-03 11:02:00,845 [Worker-15: Creating maven-archetype-quickstart] INFO  o.e.m.c.i.p.ProjectConfigurationManager - Collecting project info '/pom.xml' /home/aeologic/eclipse-workspace/SpicetagTest/pom.xml
2020-06-03 11:02:01,104 [Worker-15: Creating maven-archetype-quickstart] WARN  o.e.m.c.i.embedder.EclipseLogger - The POM for org.codehaus.plexus:plexus-compiler-api:jar:2.8.4 is missing, no dependency information available
2020-06-03 11:02:01,106 [Worker-15: Creating maven-archetype-quickstart] WARN  o.e.m.c.i.embedder.EclipseLogger - The POM for org.codehaus.plexus:plexus-compiler-manager:jar:2.8.4 is missing, no dependency information available
2020-06-03 11:02:01,111 [Worker-15: Creating maven-archetype-quickstart] WARN  o.e.m.c.i.embedder.EclipseLogger - The POM for org.codehaus.plexus:plexus-compiler-javac:jar:2.8.4 is missing, no dependency information available
2020-06-03 11:02:01,126 [Worker-15: Creating maven-archetype-quickstart] INFO  o.e.m.c.i.l.LifecycleMappingFactory - Using org.eclipse.m2e.jdt.JarLifecycleMapping lifecycle mapping for MavenProject: SpiceTagtestAutomation:SpicetagTest:0.0.1-SNAPSHOT @ /home/aeologic/eclipse-workspace/SpicetagTest/pom.xml.
2020-06-03 11:02:01,223 [Worker-15: Creating maven-archetype-quickstart] INFO  o.e.m.c.i.p.ProjectConfigurationManager - Imported and configured 1 project(s) in 0 sec
2020-06-03 11:02:06,175 [Worker-4: Discover lifecycle mappings] INFO  o.e.m.i.discovery.MavenDiscovery - No lifecyle mapping found at jar:file:/tmp/RemoteBundleDiscoveryStrategy3604671877633114834.tmp/org.eclipse.m2e.discovery.oss_catalog_1.13.jar_3384294818514573501.jar!/lifecycle%2Forg.eclipse.m2e.discovery.lifecyclemapping.m2e-wtp.xml
2020-06-03 11:02:06,176 [Worker-4: Discover lifecycle mappings] WARN  o.e.m.i.discovery.MavenDiscovery - CatalogItem org.eclipse.m2e.discovery.lifecyclemapping.m2e-wtp does not contain lifecycle mapping metadata
2020-06-03 11:02:06,177 [Worker-4: Discover lifecycle mappings] INFO  o.e.m.i.discovery.MavenDiscovery - No lifecyle mapping found at jar:file:/tmp/RemoteBundleDiscoveryStrategy3604671877633114834.tmp/org.eclipse.m2e.discovery.oss_catalog_1.13.jar_3384294818514573501.jar!/lifecycle%2Forg.eclipse.m2e.discovery.lifecyclemapping.m2e-egit.xml
2020-06-03 11:02:06,178 [Worker-4: Discover lifecycle mappings] WARN  o.e.m.i.discovery.MavenDiscovery - CatalogItem org.eclipse.m2e.discovery.lifecyclemapping.m2e-egit does not contain lifecycle mapping metadata
2020-06-03 11:02:06,178 [Worker-4: Discover lifecycle mappings] INFO  o.e.m.i.discovery.MavenDiscovery - No lifecyle mapping found at jar:file:/tmp/RemoteBundleDiscoveryStrategy3604671877633114834.tmp/org.eclipse.m2e.discovery.oss_catalog_1.13.jar_3384294818514573501.jar!/lifecycle%2Forg.eclipse.m2e.discovery.lifecyclemapping.m2e-subversive.xml
2020-06-03 11:02:06,179 [Worker-4: Discover lifecycle mappings] WARN  o.e.m.i.discovery.MavenDiscovery - CatalogItem org.eclipse.m2e.discovery.lifecyclemapping.m2e-subversive does not contain lifecycle mapping metadata
2020-06-03 11:02:06,200 [Worker-4: Discover lifecycle mappings] INFO  o.e.m.i.discovery.MavenDiscovery - No lifecyle mapping found at jar:file:/tmp/RemoteBundleDiscoveryStrategy3604671877633114834.tmp/org.eclipse.m2e.discovery.oss_catalog_1.13.jar_3384294818514573501.jar!/lifecycle%2Forg.eclipse.m2e.discovery.extras.m2e-chromatic.xml
2020-06-03 11:02:06,200 [Worker-4: Discover lifecycle mappings] WARN  o.e.m.i.discovery.MavenDiscovery - CatalogItem org.eclipse.m2e.discovery.extras.m2e-chromatic does not contain lifecycle mapping metadata
2020-06-03 11:33:42,442 [Worker-16: Updating Maven Project] INFO  o.e.m.c.i.p.ProjectConfigurationManager - Update started
2020-06-03 11:33:42,642 [Worker-16: Updating Maven Project] WARN  o.e.m.c.i.embedder.EclipseLogger - The POM for org.codehaus.plexus:plexus-compiler-api:jar:2.8.4 is missing, no dependency information available
2020-06-03 11:33:42,643 [Worker-16: Updating Maven Project] WARN  o.e.m.c.i.embedder.EclipseLogger - The POM for org.codehaus.plexus:plexus-compiler-manager:jar:2.8.4 is missing, no dependency information available
2020-06-03 11:33:42,644 [Worker-16: Updating Maven Project] WARN  o.e.m.c.i.embedder.EclipseLogger - The POM for org.codehaus.plexus:plexus-compiler-javac:jar:2.8.4 is missing, no dependency information available
2020-06-03 11:33:42,658 [Worker-16: Updating Maven Project] INFO  o.e.m.c.i.l.LifecycleMappingFactory - Using org.eclipse.m2e.jdt.JarLifecycleMapping lifecycle mapping for MavenProject: SpiceTagtestAutomation:SpicetagTest:0.0.1-SNAPSHOT @ /home/aeologic/eclipse-workspace/SpicetagTest/pom.xml.
2020-06-03 11:33:42,716 [Worker-16: Updating Maven Project] INFO  o.e.m.c.i.p.ProjectConfigurationManager - Update completed: 0 sec
2020-06-03 11:33:43,092 [Worker-17: Building] INFO  o.e.m.c.i.embedder.EclipseLogger - Using 'UTF-8' encoding to copy filtered resources.
2020-06-03 11:33:43,092 [Worker-17: Building] INFO  o.e.m.c.i.embedder.EclipseLogger - skip non existing resourceDirectory /home/aeologic/eclipse-workspace/SpicetagTest/src/main/resources
2020-06-03 11:33:43,098 [Worker-17: Building] INFO  o.e.m.c.i.embedder.EclipseLogger - Using 'UTF-8' encoding to copy filtered resources.
2020-06-03 11:33:43,098 [Worker-17: Building] INFO  o.e.m.c.i.embedder.EclipseLogger - skip non existing resourceDirectory /home/aeologic/eclipse-workspace/SpicetagTest/src/test/resources
2020-06-03 11:36:11,528 [Worker-27: Updating Maven Project] INFO  o.e.m.c.i.p.ProjectConfigurationManager - Update started
2020-06-03 11:36:11,769 [Worker-27: Updating Maven Project] WARN  o.e.m.c.i.embedder.EclipseLogger - The POM for org.codehaus.plexus:plexus-compiler-api:jar:2.8.4 is missing, no dependency information available
2020-06-03 11:36:11,770 [Worker-27: Updating Maven Project] WARN  o.e.m.c.i.embedder.EclipseLogger - The POM for org.codehaus.plexus:plexus-compiler-manager:jar:2.8.4 is missing, no dependency information available
2020-06-03 11:36:11,771 [Worker-27: Updating Maven Project] WARN  o.e.m.c.i.embedder.EclipseLogger - The POM for org.codehaus.plexus:plexus-compiler-javac:jar:2.8.4 is missing, no dependency information available
2020-06-03 11:36:11,781 [Worker-27: Updating Maven Project] INFO  o.e.m.c.i.l.LifecycleMappingFactory - Using org.eclipse.m2e.jdt.JarLifecycleMapping lifecycle mapping for MavenProject: SpiceTagtestAutomation:SpicetagTest:0.0.1-SNAPSHOT @ /home/aeologic/eclipse-workspace/SpicetagTest/pom.xml.
2020-06-03 11:36:11,856 [Worker-27: Updating Maven Project] INFO  o.e.m.c.i.p.ProjectConfigurationManager - Update completed: 0 sec
2020-06-03 11:36:12,178 [Worker-16: Building] INFO  o.e.m.c.i.embedder.EclipseLogger - Using 'UTF-8' encoding to copy filtered resources.
2020-06-03 11:36:12,178 [Worker-16: Building] INFO  o.e.m.c.i.embedder.EclipseLogger - skip non existing resourceDirectory /home/aeologic/eclipse-workspace/SpicetagTest/src/main/resources
2020-06-03 11:36:12,181 [Worker-16: Building] INFO  o.e.m.c.i.embedder.EclipseLogger - Using 'UTF-8' encoding to copy filtered resources.
2020-06-03 11:36:12,181 [Worker-16: Building] INFO  o.e.m.c.i.embedder.EclipseLogger - skip non existing resourceDirectory /home/aeologic/eclipse-workspace/SpicetagTest/src/test/resources
2020-06-03 14:14:19,305 [Worker-33: Creating maven-archetype-quickstart] INFO  o.e.m.c.i.p.ProjectConfigurationManager - Collecting project info '/pom.xml' /home/aeologic/eclipse-workspace/SpiceTag/pom.xml
2020-06-03 14:14:19,542 [Worker-33: Creating maven-archetype-quickstart] WARN  o.e.m.c.i.embedder.EclipseLogger - The POM for org.codehaus.plexus:plexus-compiler-api:jar:2.8.4 is missing, no dependency information available
2020-06-03 14:14:19,543 [Worker-33: Creating maven-archetype-quickstart] WARN  o.e.m.c.i.embedder.EclipseLogger - The POM for org.codehaus.plexus:plexus-compiler-manager:jar:2.8.4 is missing, no dependency information available
2020-06-03 14:14:19,547 [Worker-33: Creating maven-archetype-quickstart] WARN  o.e.m.c.i.embedder.EclipseLogger - The POM for org.codehaus.plexus:plexus-compiler-javac:jar:2.8.4 is missing, no dependency information available
2020-06-03 14:14:19,558 [Worker-33: Creating maven-archetype-quickstart] INFO  o.e.m.c.i.l.LifecycleMappingFactory - Using org.eclipse.m2e.jdt.JarLifecycleMapping lifecycle mapping for MavenProject: SpiceTagtestAutomation:SpiceTag:0.0.1-SNAPSHOT @ /home/aeologic/eclipse-workspace/SpiceTag/pom.xml.
2020-06-03 14:14:19,681 [Worker-33: Creating maven-archetype-quickstart] INFO  o.e.m.c.i.p.ProjectConfigurationManager - Imported and configured 1 project(s) in 0 sec
2020-06-03 14:14:20,073 [Worker-33: Building] INFO  o.e.m.c.i.embedder.EclipseLogger - Using 'UTF-8' encoding to copy filtered resources.
2020-06-03 14:14:20,074 [Worker-33: Building] INFO  o.e.m.c.i.embedder.EclipseLogger - skip non existing resourceDirectory /home/aeologic/eclipse-workspace/SpiceTag/src/main/resources
2020-06-03 14:14:20,081 [Worker-33: Building] INFO  o.e.m.c.i.embedder.EclipseLogger - Using 'UTF-8' encoding to copy filtered resources.
2020-06-03 14:14:20,081 [Worker-33: Building] INFO  o.e.m.c.i.embedder.EclipseLogger - skip non existing resourceDirectory /home/aeologic/eclipse-workspace/SpiceTag/src/test/resources
2020-06-03 16:05:05,996 [Worker-53: Creating maven-archetype-quickstart] INFO  o.e.m.c.i.p.ProjectConfigurationManager - Collecting project info '/pom.xml' /home/aeologic/eclipse-workspace/Spicetag/pom.xml
2020-06-03 16:05:06,312 [Worker-53: Creating maven-archetype-quickstart] WARN  o.e.m.c.i.embedder.EclipseLogger - The POM for org.codehaus.plexus:plexus-compiler-api:jar:2.8.4 is missing, no dependency information available
2020-06-03 16:05:06,320 [Worker-53: Creating maven-archetype-quickstart] WARN  o.e.m.c.i.embedder.EclipseLogger - The POM for org.codehaus.plexus:plexus-compiler-manager:jar:2.8.4 is missing, no dependency information available
2020-06-03 16:05:06,327 [Worker-53: Creating maven-archetype-quickstart] WARN  o.e.m.c.i.embedder.EclipseLogger - The POM for org.codehaus.plexus:plexus-compiler-javac:jar:2.8.4 is missing, no dependency information available
2020-06-03 16:05:06,345 [Worker-53: Creating maven-archetype-quickstart] INFO  o.e.m.c.i.l.LifecycleMappingFactory - Using org.eclipse.m2e.jdt.JarLifecycleMapping lifecycle mapping for MavenProject: SpiceTagtestAutomation:Spicetag:0.0.1-SNAPSHOT @ /home/aeologic/eclipse-workspace/Spicetag/pom.xml.
2020-06-03 16:05:06,442 [Worker-53: Creating maven-archetype-quickstart] INFO  o.e.m.c.i.p.ProjectConfigurationManager - Imported and configured 1 project(s) in 0 sec
2020-06-03 16:05:06,897 [Worker-49: Building] INFO  o.e.m.c.i.embedder.EclipseLogger - Using 'UTF-8' encoding to copy filtered resources.
2020-06-03 16:05:06,898 [Worker-49: Building] INFO  o.e.m.c.i.embedder.EclipseLogger - skip non existing resourceDirectory /home/aeologic/eclipse-workspace/Spicetag/src/main/resources
2020-06-03 16:05:06,931 [Worker-49: Building] INFO  o.e.m.c.i.embedder.EclipseLogger - Using 'UTF-8' encoding to copy filtered resources.
2020-06-03 16:05:06,931 [Worker-49: Building] INFO  o.e.m.c.i.embedder.EclipseLogger - skip non existing resourceDirectory /home/aeologic/eclipse-workspace/Spicetag/src/test/resources
2020-06-03 16:06:28,262 [Worker-4: Loading available Gradle versions] INFO  o.e.b.c.i.u.g.PublishedGradleVersions - Gradle version information cache is up-to-date. Trying to read.
2020-06-03 16:07:35,126 [Worker-1: Enabling Maven Dependency Management] WARN  o.e.m.c.i.embedder.EclipseLogger - The POM for org.codehaus.plexus:plexus-compiler-api:jar:2.8.4 is missing, no dependency information available
2020-06-03 16:07:35,155 [Worker-1: Enabling Maven Dependency Management] WARN  o.e.m.c.i.embedder.EclipseLogger - The POM for org.codehaus.plexus:plexus-compiler-manager:jar:2.8.4 is missing, no dependency information available
2020-06-03 16:07:35,157 [Worker-1: Enabling Maven Dependency Management] WARN  o.e.m.c.i.embedder.EclipseLogger - The POM for org.codehaus.plexus:plexus-compiler-javac:jar:2.8.4 is missing, no dependency information available
2020-06-03 16:07:35,297 [Worker-1: Enabling Maven Dependency Management] INFO  o.e.m.c.i.l.LifecycleMappingFactory - Using org.eclipse.m2e.jdt.JarLifecycleMapping lifecycle mapping for MavenProject: SpiceTag:SpiceTag:0.0.1-SNAPSHOT @ /home/aeologic/eclipse-workspace/SpiceTag/pom.xml.
2020-06-03 16:07:35,899 [Worker-1: Enabling Maven Dependency Management] INFO  o.e.m.c.i.p.ProjectConfigurationManager - Update started
2020-06-03 16:07:36,355 [Worker-1: Enabling Maven Dependency Management] WARN  o.e.m.c.i.embedder.EclipseLogger - The POM for org.codehaus.plexus:plexus-compiler-api:jar:2.8.4 is missing, no dependency information available
2020-06-03 16:07:36,357 [Worker-1: Enabling Maven Dependency Management] WARN  o.e.m.c.i.embedder.EclipseLogger - The POM for org.codehaus.plexus:plexus-compiler-manager:jar:2.8.4 is missing, no dependency information available
2020-06-03 16:07:36,358 [Worker-1: Enabling Maven Dependency Management] WARN  o.e.m.c.i.embedder.EclipseLogger - The POM for org.codehaus.plexus:plexus-compiler-javac:jar:2.8.4 is missing, no dependency information available
2020-06-03 16:07:36,393 [Worker-1: Enabling Maven Dependency Management] INFO  o.e.m.c.i.l.LifecycleMappingFactory - Using org.eclipse.m2e.jdt.JarLifecycleMapping lifecycle mapping for MavenProject: SpiceTag:SpiceTag:0.0.1-SNAPSHOT @ /home/aeologic/eclipse-workspace/SpiceTag/pom.xml.
2020-06-03 16:07:36,732 [Worker-1: Enabling Maven Dependency Management] INFO  o.e.m.c.i.p.ProjectConfigurationManager - Update completed: 0 sec
2020-06-03 16:07:37,260 [Worker-12: Building] WARN  o.e.m.c.i.embedder.EclipseLogger - Using platform encoding (UTF-8 actually) to copy filtered resources, i.e. build is platform dependent!
2020-06-03 16:07:37,261 [Worker-12: Building] INFO  o.e.m.c.i.embedder.EclipseLogger - skip non existing resourceDirectory /home/aeologic/eclipse-workspace/SpiceTag/src/main/resources
2020-06-03 16:07:37,264 [Worker-12: Building] WARN  o.e.m.c.i.embedder.EclipseLogger - Using platform encoding (UTF-8 actually) to copy filtered resources, i.e. build is platform dependent!
2020-06-03 16:07:37,265 [Worker-12: Building] INFO  o.e.m.c.i.embedder.EclipseLogger - skip non existing resourceDirectory /home/aeologic/eclipse-workspace/SpiceTag/src/test/resources
